1667928382131	geckodriver	INFO	Listening on 127.0.0.1:60266
1667928385300	mozrunner::runner	INFO	Running command: "C:\\Program Files\\Mozilla Firefox\\firefox.exe" "--marionette" "--remote-debugging-port" "60267" "--remote-allow-hosts" "localhost" "-no-remote" "-profile" "C:\\Users\\MARK~1.MUR\\AppData\\Local\\Temp\\rust_mozprofilebc0DHu"
1667928396137	geckodriver	INFO	Listening on 127.0.0.1:60294
1667928399206	mozrunner::runner	INFO	Running command: "C:\\Program Files\\Mozilla Firefox\\firefox.exe" "--marionette" "--remote-debugging-port" "60295" "--remote-allow-hosts" "localhost" "-no-remote" "-profile" "C:\\Users\\MARK~1.MUR\\AppData\\Local\\Temp\\rust_mozprofilewLh6H1"
1667928399698	Marionette	INFO	Marionette enabled
console.warn: SearchSettings: "get: No settings file exists, new profile?" (new Error("", "(unknown module)"))
DevTools listening on ws://localhost:60295/devtools/browser/643695ba-d7b5-4ab0-9ae8-1116a92a2b6f
1667928402230	Marionette	INFO	Listening on port 60341
1667928402409	Marionette	WARN	TLS certificate errors will be ignored for this session
!!! error running onStopped callback: TypeError: callback is not a function
1667928423802	Marionette	INFO	Stopped listening on port 60341

###!!! [Child][RunMessage] Error: Channel closing: too late to send/recv, messages will be lost

1667928423993	RemoteAgent	ERROR	unable to stop listener: [Exception... "Component returned failure code: 0x8000ffff (NS_ERROR_UNEXPECTED) [nsIWindowMediator.getEnumerator]"  nsresult: "0x8000ffff (NS_ERROR_UNEXPECTED)"  location: "JS frame :: chrome://remote/content/cdp/observers/TargetObserver.jsm :: stop :: line 64"  data: no] Stack trace: stop()@TargetObserver.jsm:64
unwatchForTabs()@TargetList.jsm:70
unwatchForTargets()@TargetList.jsm:37
destructor()@TargetList.jsm:109
close()@RemoteAgent.jsm:136
1667928435489	geckodriver	INFO	Listening on 127.0.0.1:60511
1667928438506	mozrunner::runner	INFO	Running command: "C:\\Program Files\\Mozilla Firefox\\firefox.exe" "--marionette" "--remote-debugging-port" "60512" "--remote-allow-hosts" "localhost" "-no-remote" "-profile" "C:\\Users\\MARK~1.MUR\\AppData\\Local\\Temp\\rust_mozprofileUbWDZp"
1667928438851	Marionette	INFO	Marionette enabled
console.warn: SearchSettings: "get: No settings file exists, new profile?" (new Error("", "(unknown module)"))
DevTools listening on ws://localhost:60512/devtools/browser/9a86ed9a-9cba-4627-afd4-968498e3fcf0
1667928441368	Marionette	INFO	Listening on port 60518
1667928441694	Marionette	WARN	TLS certificate errors will be ignored for this session
!!! error running onStopped callback: TypeError: callback is not a function
1667928445984	Marionette	INFO	Stopped listening on port 60518

###!!! [Child][RunMessage] Error: Channel closing: too late to send/recv, messages will be lost

1667928446165	RemoteAgent	ERROR	unable to stop listener: [Exception... "Component returned failure code: 0x8000ffff (NS_ERROR_UNEXPECTED) [nsIWindowMediator.getEnumerator]"  nsresult: "0x8000ffff (NS_ERROR_UNEXPECTED)"  location: "JS frame :: chrome://remote/content/cdp/observers/TargetObserver.jsm :: stop :: line 64"  data: no] Stack trace: stop()@TargetObserver.jsm:64
unwatchForTabs()@TargetList.jsm:70
unwatchForTargets()@TargetList.jsm:37
destructor()@TargetList.jsm:109
close()@RemoteAgent.jsm:136
1667928500166	geckodriver	INFO	Listening on 127.0.0.1:60648
1667928503237	mozrunner::runner	INFO	Running command: "C:\\Program Files\\Mozilla Firefox\\firefox.exe" "--marionette" "--remote-debugging-port" "60649" "--remote-allow-hosts" "localhost" "-no-remote" "-profile" "C:\\Users\\MARK~1.MUR\\AppData\\Local\\Temp\\rust_mozprofileYu6B7E"
1667928503513	Marionette	INFO	Marionette enabled
console.warn: SearchSettings: "get: No settings file exists, new profile?" (new Error("", "(unknown module)"))
DevTools listening on ws://localhost:60649/devtools/browser/b9208163-15e6-4c56-999a-1b595f65dc7a
1667928505399	Marionette	INFO	Listening on port 60656
1667928505908	Marionette	WARN	TLS certificate errors will be ignored for this session
!!! error running onStopped callback: TypeError: callback is not a function
1667928514248	Marionette	INFO	Stopped listening on port 60656
1667928514434	RemoteAgent	ERROR	unable to stop listener: [Exception... "Component returned failure code: 0x8000ffff (NS_ERROR_UNEXPECTED) [nsIWindowMediator.getEnumerator]"  nsresult: "0x8000ffff (NS_ERROR_UNEXPECTED)"  location: "JS frame :: chrome://remote/content/cdp/observers/TargetObserver.jsm :: stop :: line 64"  data: no] Stack trace: stop()@TargetObserver.jsm:64
unwatchForTabs()@TargetList.jsm:70
unwatchForTargets()@TargetList.jsm:37
destructor()@TargetList.jsm:109
close()@RemoteAgent.jsm:136
1667928531532	geckodriver	INFO	Listening on 127.0.0.1:60769
1667928534576	mozrunner::runner	INFO	Running command: "C:\\Program Files\\Mozilla Firefox\\firefox.exe" "--marionette" "--remote-debugging-port" "60770" "--remote-allow-hosts" "localhost" "-no-remote" "-profile" "C:\\Users\\MARK~1.MUR\\AppData\\Local\\Temp\\rust_mozprofileleKlEa"
1667928534853	Marionette	INFO	Marionette enabled
console.warn: SearchSettings: "get: No settings file exists, new profile?" (new Error("", "(unknown module)"))
DevTools listening on ws://localhost:60770/devtools/browser/1c21240a-a00e-48ae-8363-fbf26f3d6750
1667928536763	Marionette	INFO	Listening on port 60776
1667928537244	Marionette	WARN	TLS certificate errors will be ignored for this session
!!! error running onStopped callback: TypeError: callback is not a function
1667928551593	Marionette	INFO	Stopped listening on port 60776
1667928551755	RemoteAgent	ERROR	unable to stop listener: [Exception... "Component returned failure code: 0x8000ffff (NS_ERROR_UNEXPECTED) [nsIWindowMediator.getEnumerator]"  nsresult: "0x8000ffff (NS_ERROR_UNEXPECTED)"  location: "JS frame :: chrome://remote/content/cdp/observers/TargetObserver.jsm :: stop :: line 64"  data: no] Stack trace: stop()@TargetObserver.jsm:64
unwatchForTabs()@TargetList.jsm:70
unwatchForTargets()@TargetList.jsm:37
destructor()@TargetList.jsm:109
close()@RemoteAgent.jsm:136
1667928615046	geckodriver	INFO	Listening on 127.0.0.1:60924
1667928618138	mozrunner::runner	INFO	Running command: "C:\\Program Files\\Mozilla Firefox\\firefox.exe" "--marionette" "--remote-debugging-port" "60925" "--remote-allow-hosts" "localhost" "-no-remote" "-profile" "C:\\Users\\MARK~1.MUR\\AppData\\Local\\Temp\\rust_mozprofilesb6a7F"
1667928618419	Marionette	INFO	Marionette enabled
console.warn: SearchSettings: "get: No settings file exists, new profile?" (new Error("", "(unknown module)"))
DevTools listening on ws://localhost:60925/devtools/browser/d32246e7-a58d-4fba-9dfa-e252f37ff5bb
1667928620337	Marionette	INFO	Listening on port 60932
1667928620805	Marionette	WARN	TLS certificate errors will be ignored for this session
console.error: Region.jsm: "Error fetching region" (new Error("TIMEOUT", "resource://gre/modules/Region.jsm", 772))
console.error: Region.jsm: "Failed to fetch region" (new Error("TIMEOUT", "resource://gre/modules/Region.jsm", 419))
!!! error running onStopped callback: TypeError: callback is not a function
1667928625663	Marionette	INFO	Stopped listening on port 60932

###!!! [Child][RunMessage] Error: Channel closing: too late to send/recv, messages will be lost

1667928625823	RemoteAgent	ERROR	unable to stop listener: [Exception... "Component returned failure code: 0x8000ffff (NS_ERROR_UNEXPECTED) [nsIWindowMediator.getEnumerator]"  nsresult: "0x8000ffff (NS_ERROR_UNEXPECTED)"  location: "JS frame :: chrome://remote/content/cdp/observers/TargetObserver.jsm :: stop :: line 64"  data: no] Stack trace: stop()@TargetObserver.jsm:64
unwatchForTabs()@TargetList.jsm:70
unwatchForTargets()@TargetList.jsm:37
destructor()@TargetList.jsm:109
close()@RemoteAgent.jsm:136
1667928633054	geckodriver	INFO	Listening on 127.0.0.1:60969
1667928636099	mozrunner::runner	INFO	Running command: "C:\\Program Files\\Mozilla Firefox\\firefox.exe" "--marionette" "--remote-debugging-port" "60970" "--remote-allow-hosts" "localhost" "-no-remote" "-profile" "C:\\Users\\MARK~1.MUR\\AppData\\Local\\Temp\\rust_mozprofilezCCw0T"
1667928636379	Marionette	INFO	Marionette enabled
console.warn: SearchSettings: "get: No settings file exists, new profile?" (new Error("", "(unknown module)"))
DevTools listening on ws://localhost:60970/devtools/browser/e868b952-dd42-49ab-92e0-59f9bb8d2c1a
1667928638285	Marionette	INFO	Listening on port 60977
1667928638754	Marionette	WARN	TLS certificate errors will be ignored for this session
!!! error running onStopped callback: TypeError: callback is not a function
1667928644551	Marionette	INFO	Stopped listening on port 60977
1667928644735	RemoteAgent	ERROR	unable to stop listener: [Exception... "Component returned failure code: 0x8000ffff (NS_ERROR_UNEXPECTED) [nsIWindowMediator.getEnumerator]"  nsresult: "0x8000ffff (NS_ERROR_UNEXPECTED)"  location: "JS frame :: chrome://remote/content/cdp/observers/TargetObserver.jsm :: stop :: line 64"  data: no] Stack trace: stop()@TargetObserver.jsm:64
unwatchForTabs()@TargetList.jsm:70
unwatchForTargets()@TargetList.jsm:37
destructor()@TargetList.jsm:109
close()@RemoteAgent.jsm:136
1667928671633	geckodriver	INFO	Listening on 127.0.0.1:61092
1667928674693	mozrunner::runner	INFO	Running command: "C:\\Program Files\\Mozilla Firefox\\firefox.exe" "--marionette" "--remote-debugging-port" "61093" "--remote-allow-hosts" "localhost" "-no-remote" "-profile" "C:\\Users\\MARK~1.MUR\\AppData\\Local\\Temp\\rust_mozprofileoR3IIG"
1667928674965	Marionette	INFO	Marionette enabled
console.warn: SearchSettings: "get: No settings file exists, new profile?" (new Error("", "(unknown module)"))
DevTools listening on ws://localhost:61093/devtools/browser/2c000034-4195-45a7-86c6-d4338b1ad718
1667928676853	Marionette	INFO	Listening on port 61102
1667928677354	Marionette	WARN	TLS certificate errors will be ignored for this session
!!! error running onStopped callback: TypeError: callback is not a function
1667928679948	Marionette	INFO	Stopped listening on port 61102
1667928680104	RemoteAgent	ERROR	unable to stop listener: [Exception... "Component returned failure code: 0x8000ffff (NS_ERROR_UNEXPECTED) [nsIWindowMediator.getEnumerator]"  nsresult: "0x8000ffff (NS_ERROR_UNEXPECTED)"  location: "JS frame :: chrome://remote/content/cdp/observers/TargetObserver.jsm :: stop :: line 64"  data: no] Stack trace: stop()@TargetObserver.jsm:64
unwatchForTabs()@TargetList.jsm:70
unwatchForTargets()@TargetList.jsm:37
destructor()@TargetList.jsm:109
close()@RemoteAgent.jsm:136
1667928702815	geckodriver	INFO	Listening on 127.0.0.1:61156
1667928705871	mozrunner::runner	INFO	Running command: "C:\\Program Files\\Mozilla Firefox\\firefox.exe" "--marionette" "--remote-debugging-port" "61157" "--remote-allow-hosts" "localhost" "-no-remote" "-profile" "C:\\Users\\MARK~1.MUR\\AppData\\Local\\Temp\\rust_mozprofile8sefKr"
1667928706149	Marionette	INFO	Marionette enabled
console.warn: SearchSettings: "get: No settings file exists, new profile?" (new Error("", "(unknown module)"))
DevTools listening on ws://localhost:61157/devtools/browser/73c19c75-a120-4bdc-8b1f-3b260dc4da28
1667928708060	Marionette	INFO	Listening on port 61163
1667928708542	Marionette	WARN	TLS certificate errors will be ignored for this session
!!! error running onStopped callback: TypeError: callback is not a function
1667928771428	Marionette	INFO	Stopped listening on port 61163

###!!! [Child][RunMessage] Error: Channel closing: too late to send/recv, messages will be lost

1667928771612	RemoteAgent	ERROR	unable to stop listener: [Exception... "Component returned failure code: 0x8000ffff (NS_ERROR_UNEXPECTED) [nsIWindowMediator.getEnumerator]"  nsresult: "0x8000ffff (NS_ERROR_UNEXPECTED)"  location: "JS frame :: chrome://remote/content/cdp/observers/TargetObserver.jsm :: stop :: line 64"  data: no] Stack trace: stop()@TargetObserver.jsm:64
unwatchForTabs()@TargetList.jsm:70
unwatchForTargets()@TargetList.jsm:37
destructor()@TargetList.jsm:109
close()@RemoteAgent!!! error running onStopped callback: TypeError: callback is not a function
1667928772474	Marionette	INFO	Stopped listening on port 61304

###!!! [Child][RunMessage] Error: Channel closing: too late to send/recv, messages will be lost

1667928772626	RemoteAgent	ERROR	unable to stop listener: [Exception... "Component returned failure code: 0x8000ffff (NS_ERROR_UNEXPECTED) [nsIWindowMediator.getEnumerator]"  nsresult: "0x8000ffff (NS_ERROR_UNEXPECTED)"  location: "JS frame :: chrome://remote/content/cdp/observers/TargetObserver.jsm :: stop :: line 64"  data: no] Stack trace: stop()@TargetObserver.jsm:64
unwatchForTabs()@TargetList.jsm:70
unwatchForTargets()@TargetList.jsm:37
destructor()@TargetList.jsm:109
close()@RemoteAgent.jsm:136
1667928791761	geckodriver	INFO	Listening on 127.0.0.1:61423
1667928794799	mozrunner::runner	INFO	Running command: "C:\\Program Files\\Mozilla Firefox\\firefox.exe" "--marionette" "--remote-debugging-port" "61424" "--remote-allow-hosts" "localhost" "-no-remote" "-profile" "C:\\Users\\MARK~1.MUR\\AppData\\Local\\Temp\\rust_mozprofile2ejIjD"
1667928795119	Marionette	INFO	Marionette enabled
console.warn: SearchSettings: "get: No settings file exists, new profile?" (new Error("", "(unknown module)"))
DevTools listening on ws://localhost:61424/devtools/browser/82292cf5-3022-4d7c-9f25-cb43373ce5f9
1667928797412	Marionette	INFO	Listening on port 61431
1667928797475	Marionette	WARN	TLS certificate errors will be ignored for this session
!!! error running onStopped callback: TypeError: callback is not a function
1667928826655	Marionette	INFO	Stopped listening on port 61431

###!!! [Child][RunMessage] Error: Channel closing: too late to send/recv, messages will be lost

1667928826809	RemoteAgent	ERROR	unable to stop listener: [Exception... "Component returned failure code: 0x8000ffff (NS_ERROR_UNEXPECTED) [nsIWindowMediator.getEnumerator]"  nsresult: "0x8000ffff (NS_ERROR_UNEXPECTED)"  location: "JS frame :: chrome://remote/content/cdp/observers/TargetObserver.jsm :: stop :: line 64"  data: no] Stack trace: stop()@TargetObserver.jsm:64
unwatchForTabs()@TargetList.jsm:70
unwatchForTargets()@TargetList.jsm:37
destructor()@TargetList.jsm:109
close()@RemoteAgent!!! error running onStopped callback: TypeError: callback is not a function
1667928827575	Marionette	INFO	Stopped listening on port 61555

###!!! [Child][RunMessage] Error: Channel closing: too late to send/recv, messages will be lost

1667928827731	RemoteAgent	ERROR	unable to stop listener: [Exception... "Component returned failure code: 0x8000ffff (NS_ERROR_UNEXPECTED) [nsIWindowMediator.getEnumerator]"  nsresult: "0x8000ffff (NS_ERROR_UNEXPECTED)"  location: "JS frame :: chrome://remote/content/cdp/observers/TargetObserver.jsm :: stop :: line 64"  data: no] Stack trace: stop()@TargetObserver.jsm:64
unwatchForTabs()@TargetList.jsm:70
unwatchForTargets()@TargetList.jsm:37
destructor()@TargetList.jsm:109
close()@RemoteAgent.jsm:136
1667928831455	geckodriver	INFO	Listening on 127.0.0.1:61660
1667928834515	mozrunner::runner	INFO	Running command: "C:\\Program Files\\Mozilla Firefox\\firefox.exe" "--marionette" "--remote-debugging-port" "61661" "--remote-allow-hosts" "localhost" "-no-remote" "-profile" "C:\\Users\\MARK~1.MUR\\AppData\\Local\\Temp\\rust_mozprofileqWpurs"
1667928834830	Marionette	INFO	Marionette enabled
console.warn: SearchSettings: "get: No settings file exists, new profile?" (new Error("", "(unknown module)"))
DevTools listening on ws://localhost:61661/devtools/browser/8aceebe7-08d2-4d94-92c1-68d2d4835439
1667928837055	Marionette	INFO	Listening on port 61667
1667928837164	Marionette	WARN	TLS certificate errors will be ignored for this session
!!! error running onStopped callback: TypeError: callback is not a function
1667928842359	Marionette	INFO	Stopped listening on port 61667

###!!! [Child][RunMessage] Error: Channel closing: too late to send/recv, messages will be lost

1667928842498	RemoteAgent	ERROR	unable to stop listener: [Exception... "Component returned failure code: 0x8000ffff (NS_ERROR_UNEXPECTED) [nsIWindowMediator.getEnumerator]"  nsresult: "0x8000ffff (NS_ERROR_UNEXPECTED)"  location: "JS frame :: chrome://remote/content/cdp/observers/TargetObserver.jsm :: stop :: line 64"  data: no] Stack trace: stop()@TargetObserver.jsm:64
unwatchForTabs()@TargetList.jsm:70
unwatchForTargets()@TargetList.jsm:37
destructor()@TargetList.jsm:109
close()@RemoteAgent.jsm:136
1667928858357	geckodriver	INFO	Listening on 127.0.0.1:61773
1667928861419	mozrunner::runner	INFO	Running command: "C:\\Program Files\\Mozilla Firefox\\firefox.exe" "--marionette" "--remote-debugging-port" "61774" "--remote-allow-hosts" "localhost" "-no-remote" "-profile" "C:\\Users\\MARK~1.MUR\\AppData\\Local\\Temp\\rust_mozprofileGi3BRJ"
1667928861716	Marionette	INFO	Marionette enabled
console.warn: SearchSettings: "get: No settings file exists, new profile?" (new Error("", "(unknown module)"))
DevTools listening on ws://localhost:61774/devtools/browser/5a6c86e1-ae9b-4ab1-a96d-25892952758b
1667928863742	Marionette	INFO	Listening on port 61781
1667928864096	Marionette	WARN	TLS certificate errors will be ignored for this session
!!! error running onStopped callback: TypeError: callback is not a function
1667928922273	Marionette	INFO	Stopped listening on port 61781

###!!! [Child][RunMessage] Error: Channel closing: too late to send/recv, messages will be lost

1667928922510	RemoteAgent	ERROR	unable to stop listener: [Exception... "Component returned failure code: 0x8000ffff (NS_ERROR_UNEXPECTED) [nsIWindowMediator.getEnumerator]"  nsresult: "0x8000ffff (NS_ERROR_UNEXPECTED)"  location: "JS frame :: chrome://remote/content/cdp/observers/TargetObserver.jsm :: stop :: line 64"  data: no] Stack trace: stop()@TargetObserver.jsm:64
unwatchForTabs()@TargetList.jsm:70
unwatchForTargets()@TargetList.jsm:37
destructor()@TargetList.jsm:109
close()@RemoteAgent.jsm:136
running onStopped callback: TypeError: callback is not a function
1667928921586	Marionette	INFO	Stopped listening on port 61903

###!!! [Child][RunMessage] Error: Channel closing: too late to send/recv, messages will be lost

1667928921748	RemoteAgent	ERROR	unable to stop listener: [Exception... "Component returned failure code: 0x8000ffff (NS_ERROR_UNEXPECTED) [nsIWindowMediator.getEnumerator]"  nsresult: "0x8000ffff (NS_ERROR_UNEXPECTED)"  location: "JS frame :: chrome://remote/content/cdp/observers/TargetObserver.jsm :: stop :: line 64"  data: no] Stack trace: stop()@TargetObserver.jsm:64
unwatchForTabs()@TargetList.jsm:70
unwatchForTargets()@TargetList.jsm:37
destructor()@TargetList.jsm:109
close()@RemoteAgent.jsm:136
1667928945522	geckodriver	INFO	Listening on 127.0.0.1:62023
1667928948595	mozrunner::runner	INFO	Running command: "C:\\Program Files\\Mozilla Firefox\\firefox.exe" "--marionette" "--remote-debugging-port" "62024" "--remote-allow-hosts" "localhost" "-no-remote" "-profile" "C:\\Users\\MARK~1.MUR\\AppData\\Local\\Temp\\rust_mozprofile0dNPyz"
1667928948959	Marionette	INFO	Marionette enabled
console.warn: SearchSettings: "get: No settings file exists, new profile?" (new Error("", "(unknown module)"))
DevTools listening on ws://localhost:62024/devtools/browser/06a5bdfa-9b90-4705-a71b-458bfe003093
1667928951421	Marionette	INFO	Listening on port 62032
1667928951773	Marionette	WARN	TLS certificate errors will be ignored for this session
console.error: Region.jsm: "Error fetching region" (new Error("TIMEOUT", "resource://gre/modules/Region.jsm", 772))
console.error: Region.jsm: "Failed to fetch region" (new Error("TIMEOUT", "resource://gre/modules/Region.jsm", 419))
console.error: Region.jsm: "Error fetching region" (new TypeError("NetworkError when attempting to fetch resource.", ""))
console.error: Region.jsm: "Failed to fetch region" (new Error("NO_RESULT", "resource://gre/modules/Region.jsm", 419))
!!! error running onStopped callback: TypeError: callback is not a function
1667975227917	Marionette	INFO	Stopped listening on port 62032
1667975227952	RemoteAgent	ERROR	unable to stop listener: [Exception... "Component returned failure code: 0x8000ffff (NS_ERROR_UNEXPECTED) [nsIWindowMediator.getEnumerator]"  nsresult: "0x8000ffff (NS_ERROR_UNEXPECTED)"  location: "JS frame :: chrome://remote/content/cdp/observers/TargetObserver.jsm :: stop :: line 64"  data: no] Stack trace: stop()@TargetObserver.jsm:64
unwatchForTabs()@TargetList.jsm:70
unwatchForTargets()@TargetList.jsm:37
destructor()@TargetList.jsm:109
close()@RemoteAgent.jsm:136
